<?xml version="1.0" encoding="UTF-8"?>
<testsuite xmlns:xsi="http://www.w3.org/2001/XMLSchema-instance" xsi:noNamespaceSchemaLocation="https://maven.apache.org/surefire/maven-surefire-plugin/xsd/surefire-test-report.xsd" name="com.paichi.TestMinio" time="3.991" tests="2" errors="0" skipped="0" failures="0">
  <properties>
[...]
</properties>
  <testcase name="getObject1" classname="com.paichi.TestMinio" time="0"/>
  <testcase name="getObject2" classname="com.paichi.TestMinio" time="3.991"/>
</testsuite>